[2025-07-28T12:35:15.969+0000] {manager.py:470} INFO - Processing files using up to 2 processes at a time 
[2025-07-28T12:35:15.971+0000] {manager.py:471} INFO - Process each file at most once every 30 seconds
[2025-07-28T12:35:15.971+0000] {manager.py:472} INFO - Checking for new files in /opt/airflow/dags every 300 seconds
[2025-07-28T12:35:15.972+0000] {manager.py:737} INFO - Searching for files in /opt/airflow/dags
[2025-07-28T12:35:15.973+0000] {manager.py:740} INFO - There are 0 files in /opt/airflow/dags
[2025-07-28T12:40:16.065+0000] {manager.py:737} INFO - Searching for files in /opt/airflow/dags
[2025-07-28T12:40:16.068+0000] {manager.py:740} INFO - There are 0 files in /opt/airflow/dags
[2025-07-28T12:45:17.042+0000] {manager.py:737} INFO - Searching for files in /opt/airflow/dags
[2025-07-28T12:45:17.053+0000] {manager.py:740} INFO - There are 0 files in /opt/airflow/dags
[2025-07-28T12:50:17.154+0000] {manager.py:737} INFO - Searching for files in /opt/airflow/dags
[2025-07-28T12:50:17.160+0000] {manager.py:740} INFO - There are 1 files in /opt/airflow/dags
[2025-07-28T12:50:22.282+0000] {manager.py:878} INFO - 
================================================================================
DAG File Processing Stats

File Path                           PID    Runtime      # DAGs    # Errors  Last Runtime    Last Run
----------------------------------  -----  ---------  --------  ----------  --------------  -------------------
/opt/airflow/dags/etl_carburant.py                           0           1  0.09s           2025-07-28T12:50:17
================================================================================
[2025-07-28T12:50:52.584+0000] {manager.py:878} INFO - 
================================================================================
DAG File Processing Stats

File Path                           PID    Runtime      # DAGs    # Errors  Last Runtime    Last Run
----------------------------------  -----  ---------  --------  ----------  --------------  -------------------
/opt/airflow/dags/etl_carburant.py                           0           1  0.13s           2025-07-28T12:50:47
================================================================================
[2025-07-28T12:51:22.809+0000] {manager.py:878} INFO - 
================================================================================
DAG File Processing Stats

File Path                           PID    Runtime      # DAGs    # Errors  Last Runtime    Last Run
----------------------------------  -----  ---------  --------  ----------  --------------  -------------------
/opt/airflow/dags/etl_carburant.py                           0           1  0.07s           2025-07-28T12:51:17
================================================================================
[2025-07-28T12:51:53.059+0000] {manager.py:878} INFO - 
================================================================================
DAG File Processing Stats

File Path                           PID    Runtime      # DAGs    # Errors  Last Runtime    Last Run
----------------------------------  -----  ---------  --------  ----------  --------------  -------------------
/opt/airflow/dags/etl_carburant.py                           0           1  0.13s           2025-07-28T12:51:48
================================================================================
[2025-07-28T12:52:23.279+0000] {manager.py:878} INFO - 
================================================================================
DAG File Processing Stats

File Path                           PID    Runtime      # DAGs    # Errors  Last Runtime    Last Run
----------------------------------  -----  ---------  --------  ----------  --------------  -------------------
/opt/airflow/dags/etl_carburant.py                           0           1  0.08s           2025-07-28T12:52:18
================================================================================
[2025-07-28T12:52:53.489+0000] {manager.py:878} INFO - 
================================================================================
DAG File Processing Stats

File Path                           PID    Runtime      # DAGs    # Errors  Last Runtime    Last Run
----------------------------------  -----  ---------  --------  ----------  --------------  -------------------
/opt/airflow/dags/etl_carburant.py                           0           1  0.07s           2025-07-28T12:52:48
================================================================================
[2025-07-28T12:53:23.739+0000] {manager.py:878} INFO - 
================================================================================
DAG File Processing Stats

File Path                           PID    Runtime      # DAGs    # Errors  Last Runtime    Last Run
----------------------------------  -----  ---------  --------  ----------  --------------  -------------------
/opt/airflow/dags/etl_carburant.py                           0           1  0.08s           2025-07-28T12:53:18
================================================================================
[2025-07-28T12:53:30.006+0000] {manager.py:452} INFO - Exiting gracefully upon receiving signal 15
[2025-07-28T12:54:09.220+0000] {manager.py:470} INFO - Processing files using up to 2 processes at a time 
[2025-07-28T12:54:09.221+0000] {manager.py:471} INFO - Process each file at most once every 30 seconds
[2025-07-28T12:54:09.222+0000] {manager.py:472} INFO - Checking for new files in /opt/airflow/dags every 300 seconds
[2025-07-28T12:54:09.222+0000] {manager.py:737} INFO - Searching for files in /opt/airflow/dags
[2025-07-28T12:54:09.226+0000] {manager.py:740} INFO - There are 1 files in /opt/airflow/dags
[2025-07-28T12:54:09.290+0000] {manager.py:878} INFO - 
================================================================================
DAG File Processing Stats

File Path                             PID  Runtime      # DAGs    # Errors  Last Runtime    Last Run
----------------------------------  -----  ---------  --------  ----------  --------------  ----------
/opt/airflow/dags/etl_carburant.py    164  0.03s             0           0
================================================================================
[2025-07-28T12:54:39.490+0000] {manager.py:878} INFO - 
================================================================================
DAG File Processing Stats

File Path                             PID  Runtime      # DAGs    # Errors  Last Runtime    Last Run
----------------------------------  -----  ---------  --------  ----------  --------------  -------------------
/opt/airflow/dags/etl_carburant.py    169  0.01s             0           1  0.05s           2025-07-28T12:54:09
================================================================================
[2025-07-28T12:55:09.785+0000] {manager.py:878} INFO - 
================================================================================
DAG File Processing Stats

File Path                             PID  Runtime      # DAGs    # Errors  Last Runtime    Last Run
----------------------------------  -----  ---------  --------  ----------  --------------  -------------------
/opt/airflow/dags/etl_carburant.py    174  0.03s             0           1  0.09s           2025-07-28T12:54:39
================================================================================
[2025-07-28T12:55:40.002+0000] {manager.py:878} INFO - 
================================================================================
DAG File Processing Stats

File Path                             PID  Runtime      # DAGs    # Errors  Last Runtime    Last Run
----------------------------------  -----  ---------  --------  ----------  --------------  -------------------
/opt/airflow/dags/etl_carburant.py    179  0.02s             0           1  0.10s           2025-07-28T12:55:09
================================================================================
[2025-07-28T12:56:10.224+0000] {manager.py:878} INFO - 
================================================================================
DAG File Processing Stats

File Path                             PID  Runtime      # DAGs    # Errors  Last Runtime    Last Run
----------------------------------  -----  ---------  --------  ----------  --------------  -------------------
/opt/airflow/dags/etl_carburant.py    184  0.01s             0           1  0.09s           2025-07-28T12:55:40
================================================================================
[2025-07-28T12:56:40.525+0000] {manager.py:878} INFO - 
================================================================================
DAG File Processing Stats

File Path                             PID  Runtime      # DAGs    # Errors  Last Runtime    Last Run
----------------------------------  -----  ---------  --------  ----------  --------------  -------------------
/opt/airflow/dags/etl_carburant.py    189  0.02s             0           1  0.06s           2025-07-28T12:56:10
================================================================================
[2025-07-28T12:56:45.569+0000] {manager.py:452} INFO - Exiting gracefully upon receiving signal 15
[2025-07-28T12:59:33.073+0000] {manager.py:470} INFO - Processing files using up to 2 processes at a time 
[2025-07-28T12:59:33.074+0000] {manager.py:471} INFO - Process each file at most once every 30 seconds
[2025-07-28T12:59:33.074+0000] {manager.py:472} INFO - Checking for new files in /opt/airflow/dags every 300 seconds
[2025-07-28T12:59:33.075+0000] {manager.py:737} INFO - Searching for files in /opt/airflow/dags
[2025-07-28T12:59:33.077+0000] {manager.py:740} INFO - There are 1 files in /opt/airflow/dags
[2025-07-28T12:59:33.148+0000] {manager.py:878} INFO - 
================================================================================
DAG File Processing Stats

File Path                             PID  Runtime      # DAGs    # Errors  Last Runtime    Last Run
----------------------------------  -----  ---------  --------  ----------  --------------  ----------
/opt/airflow/dags/etl_carburant.py    164  0.03s             0           0
================================================================================
[2025-07-28T13:00:03.290+0000] {manager.py:878} INFO - 
================================================================================
DAG File Processing Stats

File Path                           PID    Runtime      # DAGs    # Errors  Last Runtime    Last Run
----------------------------------  -----  ---------  --------  ----------  --------------  -------------------
/opt/airflow/dags/etl_carburant.py                           1           0  2.01s           2025-07-28T12:59:35
================================================================================
[2025-07-28T13:00:33.544+0000] {manager.py:878} INFO - 
================================================================================
DAG File Processing Stats

File Path                           PID    Runtime      # DAGs    # Errors  Last Runtime    Last Run
----------------------------------  -----  ---------  --------  ----------  --------------  -------------------
/opt/airflow/dags/etl_carburant.py                           1           0  0.40s           2025-07-28T13:00:05
================================================================================
[2025-07-28T13:01:04.080+0000] {manager.py:878} INFO - 
================================================================================
DAG File Processing Stats

File Path                           PID    Runtime      # DAGs    # Errors  Last Runtime    Last Run
----------------------------------  -----  ---------  --------  ----------  --------------  -------------------
/opt/airflow/dags/etl_carburant.py                           1           0  0.40s           2025-07-28T13:00:36
================================================================================
[2025-07-28T13:01:34.678+0000] {manager.py:878} INFO - 
================================================================================
DAG File Processing Stats

File Path                           PID    Runtime      # DAGs    # Errors  Last Runtime    Last Run
----------------------------------  -----  ---------  --------  ----------  --------------  -------------------
/opt/airflow/dags/etl_carburant.py                           1           0  0.37s           2025-07-28T13:01:06
================================================================================
[2025-07-28T13:02:05.320+0000] {manager.py:878} INFO - 
================================================================================
DAG File Processing Stats

File Path                           PID    Runtime      # DAGs    # Errors  Last Runtime    Last Run
----------------------------------  -----  ---------  --------  ----------  --------------  -------------------
/opt/airflow/dags/etl_carburant.py                           1           0  0.40s           2025-07-28T13:01:37
================================================================================
[2025-07-28T13:02:35.832+0000] {manager.py:878} INFO - 
================================================================================
DAG File Processing Stats

File Path                           PID    Runtime      # DAGs    # Errors  Last Runtime    Last Run
----------------------------------  -----  ---------  --------  ----------  --------------  -------------------
/opt/airflow/dags/etl_carburant.py                           1           0  0.41s           2025-07-28T13:02:08
================================================================================
[2025-07-28T13:03:06.496+0000] {manager.py:878} INFO - 
================================================================================
DAG File Processing Stats

File Path                           PID    Runtime      # DAGs    # Errors  Last Runtime    Last Run
----------------------------------  -----  ---------  --------  ----------  --------------  -------------------
/opt/airflow/dags/etl_carburant.py                           1           0  0.30s           2025-07-28T13:02:38
================================================================================
[2025-07-28T13:03:36.565+0000] {manager.py:878} INFO - 
================================================================================
DAG File Processing Stats

File Path                           PID    Runtime      # DAGs    # Errors  Last Runtime    Last Run
----------------------------------  -----  ---------  --------  ----------  --------------  -------------------
/opt/airflow/dags/etl_carburant.py                           1           0  0.60s           2025-07-28T13:03:09
================================================================================
[2025-07-28T13:04:06.814+0000] {manager.py:878} INFO - 
================================================================================
DAG File Processing Stats

File Path                           PID    Runtime      # DAGs    # Errors  Last Runtime    Last Run
----------------------------------  -----  ---------  --------  ----------  --------------  -------------------
/opt/airflow/dags/etl_carburant.py                           1           0  0.40s           2025-07-28T13:03:39
================================================================================
[2025-07-28T13:04:33.379+0000] {manager.py:737} INFO - Searching for files in /opt/airflow/dags
[2025-07-28T13:04:33.384+0000] {manager.py:740} INFO - There are 1 files in /opt/airflow/dags
[2025-07-28T13:04:37.423+0000] {manager.py:878} INFO - 
================================================================================
DAG File Processing Stats

File Path                           PID    Runtime      # DAGs    # Errors  Last Runtime    Last Run
----------------------------------  -----  ---------  --------  ----------  --------------  -------------------
/opt/airflow/dags/etl_carburant.py                           1           0  0.37s           2025-07-28T13:04:10
================================================================================
[2025-07-28T13:05:07.974+0000] {manager.py:878} INFO - 
================================================================================
DAG File Processing Stats

File Path                           PID    Runtime      # DAGs    # Errors  Last Runtime    Last Run
----------------------------------  -----  ---------  --------  ----------  --------------  -------------------
/opt/airflow/dags/etl_carburant.py                           1           0  0.44s           2025-07-28T13:04:41
================================================================================
[2025-07-28T13:05:38.611+0000] {manager.py:878} INFO - 
================================================================================
DAG File Processing Stats

File Path                           PID    Runtime      # DAGs    # Errors  Last Runtime    Last Run
----------------------------------  -----  ---------  --------  ----------  --------------  -------------------
/opt/airflow/dags/etl_carburant.py                           1           0  0.37s           2025-07-28T13:05:11
================================================================================
[2025-07-28T13:06:09.136+0000] {manager.py:878} INFO - 
================================================================================
DAG File Processing Stats

File Path                           PID    Runtime      # DAGs    # Errors  Last Runtime    Last Run
----------------------------------  -----  ---------  --------  ----------  --------------  -------------------
/opt/airflow/dags/etl_carburant.py                           1           0  0.42s           2025-07-28T13:05:42
================================================================================
[2025-07-28T13:06:39.233+0000] {manager.py:878} INFO - 
================================================================================
DAG File Processing Stats

File Path                           PID    Runtime      # DAGs    # Errors  Last Runtime    Last Run
----------------------------------  -----  ---------  --------  ----------  --------------  -------------------
/opt/airflow/dags/etl_carburant.py                           1           0  0.49s           2025-07-28T13:06:13
================================================================================
[2025-07-28T13:07:09.486+0000] {manager.py:878} INFO - 
================================================================================
DAG File Processing Stats

File Path                           PID    Runtime      # DAGs    # Errors  Last Runtime    Last Run
----------------------------------  -----  ---------  --------  ----------  --------------  -------------------
/opt/airflow/dags/etl_carburant.py                           1           0  0.40s           2025-07-28T13:06:43
================================================================================
[2025-07-28T13:07:40.022+0000] {manager.py:878} INFO - 
================================================================================
DAG File Processing Stats

File Path                           PID    Runtime      # DAGs    # Errors  Last Runtime    Last Run
----------------------------------  -----  ---------  --------  ----------  --------------  -------------------
/opt/airflow/dags/etl_carburant.py                           1           0  0.37s           2025-07-28T13:07:14
================================================================================
[2025-07-28T13:08:10.600+0000] {manager.py:878} INFO - 
================================================================================
DAG File Processing Stats

File Path                           PID    Runtime      # DAGs    # Errors  Last Runtime    Last Run
----------------------------------  -----  ---------  --------  ----------  --------------  -------------------
/opt/airflow/dags/etl_carburant.py                           1           0  0.38s           2025-07-28T13:07:44
================================================================================
[2025-07-28T13:08:41.178+0000] {manager.py:878} INFO - 
================================================================================
DAG File Processing Stats

File Path                           PID    Runtime      # DAGs    # Errors  Last Runtime    Last Run
----------------------------------  -----  ---------  --------  ----------  --------------  -------------------
/opt/airflow/dags/etl_carburant.py                           1           0  0.37s           2025-07-28T13:08:15
================================================================================
[2025-07-28T13:09:11.724+0000] {manager.py:878} INFO - 
================================================================================
DAG File Processing Stats

File Path                           PID    Runtime      # DAGs    # Errors  Last Runtime    Last Run
----------------------------------  -----  ---------  --------  ----------  --------------  -------------------
/opt/airflow/dags/etl_carburant.py                           1           0  0.38s           2025-07-28T13:08:45
================================================================================
[2025-07-28T13:09:33.904+0000] {manager.py:737} INFO - Searching for files in /opt/airflow/dags
[2025-07-28T13:09:33.916+0000] {manager.py:740} INFO - There are 1 files in /opt/airflow/dags
[2025-07-28T13:09:41.986+0000] {manager.py:878} INFO - 
================================================================================
DAG File Processing Stats

File Path                           PID    Runtime      # DAGs    # Errors  Last Runtime    Last Run
----------------------------------  -----  ---------  --------  ----------  --------------  -------------------
/opt/airflow/dags/etl_carburant.py                           1           0  0.99s           2025-07-28T13:09:17
================================================================================
[2025-07-28T13:10:12.455+0000] {manager.py:878} INFO - 
================================================================================
DAG File Processing Stats

File Path                           PID    Runtime      # DAGs    # Errors  Last Runtime    Last Run
----------------------------------  -----  ---------  --------  ----------  --------------  -------------------
/opt/airflow/dags/etl_carburant.py                           1           0  0.41s           2025-07-28T13:09:47
================================================================================
[2025-07-28T13:10:43.013+0000] {manager.py:878} INFO - 
================================================================================
DAG File Processing Stats

File Path                           PID    Runtime      # DAGs    # Errors  Last Runtime    Last Run
----------------------------------  -----  ---------  --------  ----------  --------------  -------------------
/opt/airflow/dags/etl_carburant.py                           1           0  0.43s           2025-07-28T13:10:18
================================================================================
[2025-07-28T13:11:13.087+0000] {manager.py:878} INFO - 
================================================================================
DAG File Processing Stats

File Path                           PID    Runtime      # DAGs    # Errors  Last Runtime    Last Run
----------------------------------  -----  ---------  --------  ----------  --------------  -------------------
/opt/airflow/dags/etl_carburant.py                           1           0  0.43s           2025-07-28T13:10:48
================================================================================
[2025-07-28T13:11:43.289+0000] {manager.py:878} INFO - 
================================================================================
DAG File Processing Stats

File Path                           PID    Runtime      # DAGs    # Errors  Last Runtime    Last Run
----------------------------------  -----  ---------  --------  ----------  --------------  -------------------
/opt/airflow/dags/etl_carburant.py                           1           0  0.40s           2025-07-28T13:11:19
================================================================================
[2025-07-28T13:12:13.933+0000] {manager.py:878} INFO - 
================================================================================
DAG File Processing Stats

File Path                           PID    Runtime      # DAGs    # Errors  Last Runtime    Last Run
----------------------------------  -----  ---------  --------  ----------  --------------  -------------------
/opt/airflow/dags/etl_carburant.py                           1           0  0.32s           2025-07-28T13:11:50
================================================================================
[2025-07-28T13:12:29.144+0000] {manager.py:452} INFO - Exiting gracefully upon receiving signal 15
[2025-07-28T13:12:51.359+0000] {manager.py:470} INFO - Processing files using up to 2 processes at a time 
[2025-07-28T13:12:51.360+0000] {manager.py:471} INFO - Process each file at most once every 30 seconds
[2025-07-28T13:12:51.360+0000] {manager.py:472} INFO - Checking for new files in /opt/airflow/dags every 300 seconds
[2025-07-28T13:12:51.360+0000] {manager.py:737} INFO - Searching for files in /opt/airflow/dags
[2025-07-28T13:12:51.362+0000] {manager.py:740} INFO - There are 1 files in /opt/airflow/dags
[2025-07-28T13:12:51.470+0000] {manager.py:878} INFO - 
================================================================================
DAG File Processing Stats

File Path                             PID  Runtime      # DAGs    # Errors  Last Runtime    Last Run
----------------------------------  -----  ---------  --------  ----------  --------------  ----------
/opt/airflow/dags/etl_carburant.py    164  0.06s             0           0
================================================================================
[2025-07-28T13:13:21.626+0000] {manager.py:878} INFO - 
================================================================================
DAG File Processing Stats

File Path                           PID    Runtime      # DAGs    # Errors  Last Runtime    Last Run
----------------------------------  -----  ---------  --------  ----------  --------------  -------------------
/opt/airflow/dags/etl_carburant.py                           1           0  1.45s           2025-07-28T13:12:52
================================================================================
[2025-07-28T13:13:51.645+0000] {manager.py:878} INFO - 
================================================================================
DAG File Processing Stats

File Path                           PID    Runtime      # DAGs    # Errors  Last Runtime    Last Run
----------------------------------  -----  ---------  --------  ----------  --------------  -------------------
/opt/airflow/dags/etl_carburant.py                           1           0  0.44s           2025-07-28T13:13:23
================================================================================
[2025-07-28T13:14:21.876+0000] {manager.py:878} INFO - 
================================================================================
DAG File Processing Stats

File Path                           PID    Runtime      # DAGs    # Errors  Last Runtime    Last Run
----------------------------------  -----  ---------  --------  ----------  --------------  -------------------
/opt/airflow/dags/etl_carburant.py                           1           0  0.54s           2025-07-28T13:13:54
================================================================================
[2025-07-28T13:14:52.122+0000] {manager.py:878} INFO - 
================================================================================
DAG File Processing Stats

File Path                           PID    Runtime      # DAGs    # Errors  Last Runtime    Last Run
----------------------------------  -----  ---------  --------  ----------  --------------  -------------------
/opt/airflow/dags/etl_carburant.py                           1           0  0.53s           2025-07-28T13:14:24
================================================================================
[2025-07-28T13:15:22.406+0000] {manager.py:878} INFO - 
================================================================================
DAG File Processing Stats

File Path                           PID    Runtime      # DAGs    # Errors  Last Runtime    Last Run
----------------------------------  -----  ---------  --------  ----------  --------------  -------------------
/opt/airflow/dags/etl_carburant.py                           1           0  0.42s           2025-07-28T13:14:55
================================================================================
[2025-07-28T13:15:52.525+0000] {manager.py:878} INFO - 
================================================================================
DAG File Processing Stats

File Path                           PID    Runtime      # DAGs    # Errors  Last Runtime    Last Run
----------------------------------  -----  ---------  --------  ----------  --------------  -------------------
/opt/airflow/dags/etl_carburant.py                           1           0  0.55s           2025-07-28T13:15:26
================================================================================
[2025-07-28T13:16:22.808+0000] {manager.py:878} INFO - 
================================================================================
DAG File Processing Stats

File Path                           PID    Runtime      # DAGs    # Errors  Last Runtime    Last Run
----------------------------------  -----  ---------  --------  ----------  --------------  -------------------
/opt/airflow/dags/etl_carburant.py                           1           0  0.42s           2025-07-28T13:15:56
================================================================================
[2025-07-28T13:16:52.877+0000] {manager.py:878} INFO - 
================================================================================
DAG File Processing Stats

File Path                           PID    Runtime      # DAGs    # Errors  Last Runtime    Last Run
----------------------------------  -----  ---------  --------  ----------  --------------  -------------------
/opt/airflow/dags/etl_carburant.py                           1           0  0.58s           2025-07-28T13:16:27
================================================================================
[2025-07-28T13:17:23.537+0000] {manager.py:878} INFO - 
================================================================================
DAG File Processing Stats

File Path                           PID    Runtime      # DAGs    # Errors  Last Runtime    Last Run
----------------------------------  -----  ---------  --------  ----------  --------------  -------------------
/opt/airflow/dags/etl_carburant.py                           1           0  0.43s           2025-07-28T13:16:58
================================================================================
[2025-07-28T13:17:51.766+0000] {manager.py:737} INFO - Searching for files in /opt/airflow/dags
[2025-07-28T13:17:51.777+0000] {manager.py:740} INFO - There are 1 files in /opt/airflow/dags
[2025-07-28T13:17:53.800+0000] {manager.py:878} INFO - 
================================================================================
DAG File Processing Stats

File Path                           PID    Runtime      # DAGs    # Errors  Last Runtime    Last Run
----------------------------------  -----  ---------  --------  ----------  --------------  -------------------
/opt/airflow/dags/etl_carburant.py                           1           0  0.44s           2025-07-28T13:17:29
================================================================================
[2025-07-28T13:18:24.020+0000] {manager.py:878} INFO - 
================================================================================
DAG File Processing Stats

File Path                           PID    Runtime      # DAGs    # Errors  Last Runtime    Last Run
----------------------------------  -----  ---------  --------  ----------  --------------  -------------------
/opt/airflow/dags/etl_carburant.py                           1           0  0.76s           2025-07-28T13:17:59
================================================================================
[2025-07-28T13:18:54.284+0000] {manager.py:878} INFO - 
================================================================================
DAG File Processing Stats

File Path                           PID    Runtime      # DAGs    # Errors  Last Runtime    Last Run
----------------------------------  -----  ---------  --------  ----------  --------------  -------------------
/opt/airflow/dags/etl_carburant.py                           1           0  0.43s           2025-07-28T13:18:30
================================================================================
[2025-07-28T13:19:24.507+0000] {manager.py:878} INFO - 
================================================================================
DAG File Processing Stats

File Path                           PID    Runtime      # DAGs    # Errors  Last Runtime    Last Run
----------------------------------  -----  ---------  --------  ----------  --------------  -------------------
/opt/airflow/dags/etl_carburant.py                           1           0  0.79s           2025-07-28T13:19:01
================================================================================
[2025-07-28T13:19:54.848+0000] {manager.py:878} INFO - 
================================================================================
DAG File Processing Stats

File Path                           PID    Runtime      # DAGs    # Errors  Last Runtime    Last Run
----------------------------------  -----  ---------  --------  ----------  --------------  -------------------
/opt/airflow/dags/etl_carburant.py                           1           0  0.63s           2025-07-28T13:19:32
================================================================================
[2025-07-28T13:20:24.985+0000] {manager.py:878} INFO - 
================================================================================
DAG File Processing Stats

File Path                           PID    Runtime      # DAGs    # Errors  Last Runtime    Last Run
----------------------------------  -----  ---------  --------  ----------  --------------  -------------------
/opt/airflow/dags/etl_carburant.py                           1           0  0.43s           2025-07-28T13:20:02
================================================================================
[2025-07-28T13:20:55.232+0000] {manager.py:878} INFO - 
================================================================================
DAG File Processing Stats

File Path                           PID    Runtime      # DAGs    # Errors  Last Runtime    Last Run
----------------------------------  -----  ---------  --------  ----------  --------------  -------------------
/opt/airflow/dags/etl_carburant.py                           1           0  0.51s           2025-07-28T13:20:33
================================================================================
[2025-07-28T13:21:25.544+0000] {manager.py:878} INFO - 
================================================================================
DAG File Processing Stats

File Path                           PID    Runtime      # DAGs    # Errors  Last Runtime    Last Run
----------------------------------  -----  ---------  --------  ----------  --------------  -------------------
/opt/airflow/dags/etl_carburant.py                           1           0  0.75s           2025-07-28T13:21:04
================================================================================
[2025-07-28T13:21:55.817+0000] {manager.py:878} INFO - 
================================================================================
DAG File Processing Stats

File Path                           PID    Runtime      # DAGs    # Errors  Last Runtime    Last Run
----------------------------------  -----  ---------  --------  ----------  --------------  -------------------
/opt/airflow/dags/etl_carburant.py                           1           0  0.44s           2025-07-28T13:21:35
================================================================================
[2025-07-28T13:22:04.336+0000] {manager.py:452} INFO - Exiting gracefully upon receiving signal 15
[2025-07-28T13:22:44.421+0000] {manager.py:470} INFO - Processing files using up to 2 processes at a time 
[2025-07-28T13:22:44.422+0000] {manager.py:471} INFO - Process each file at most once every 30 seconds
[2025-07-28T13:22:44.424+0000] {manager.py:472} INFO - Checking for new files in /opt/airflow/dags every 300 seconds
[2025-07-28T13:22:44.425+0000] {manager.py:737} INFO - Searching for files in /opt/airflow/dags
[2025-07-28T13:22:44.429+0000] {manager.py:740} INFO - There are 1 files in /opt/airflow/dags
[2025-07-28T13:22:44.526+0000] {manager.py:878} INFO - 
================================================================================
DAG File Processing Stats

File Path                             PID  Runtime      # DAGs    # Errors  Last Runtime    Last Run
----------------------------------  -----  ---------  --------  ----------  --------------  ----------
/opt/airflow/dags/etl_carburant.py    164  0.03s             0           0
================================================================================
[2025-07-28T13:23:14.686+0000] {manager.py:878} INFO - 
================================================================================
DAG File Processing Stats

File Path                           PID    Runtime      # DAGs    # Errors  Last Runtime    Last Run
----------------------------------  -----  ---------  --------  ----------  --------------  -------------------
/opt/airflow/dags/etl_carburant.py                           1           0  1.67s           2025-07-28T13:22:46
================================================================================
[2025-07-28T13:23:44.858+0000] {manager.py:878} INFO - 
================================================================================
DAG File Processing Stats

File Path                           PID    Runtime      # DAGs    # Errors  Last Runtime    Last Run
----------------------------------  -----  ---------  --------  ----------  --------------  -------------------
/opt/airflow/dags/etl_carburant.py                           1           0  0.38s           2025-07-28T13:23:16
================================================================================
[2025-07-28T13:24:15.168+0000] {manager.py:878} INFO - 
================================================================================
DAG File Processing Stats

File Path                           PID    Runtime      # DAGs    # Errors  Last Runtime    Last Run
----------------------------------  -----  ---------  --------  ----------  --------------  -------------------
/opt/airflow/dags/etl_carburant.py                           1           0  0.47s           2025-07-28T13:23:47
================================================================================
[2025-07-28T13:24:45.222+0000] {manager.py:878} INFO - 
================================================================================
DAG File Processing Stats

File Path                           PID    Runtime      # DAGs    # Errors  Last Runtime    Last Run
----------------------------------  -----  ---------  --------  ----------  --------------  -------------------
/opt/airflow/dags/etl_carburant.py                           1           0  0.55s           2025-07-28T13:24:18
================================================================================
[2025-07-28T13:25:15.436+0000] {manager.py:878} INFO - 
================================================================================
DAG File Processing Stats

File Path                           PID    Runtime      # DAGs    # Errors  Last Runtime    Last Run
----------------------------------  -----  ---------  --------  ----------  --------------  -------------------
/opt/airflow/dags/etl_carburant.py                           1           0  0.47s           2025-07-28T13:24:48
================================================================================
[2025-07-28T13:25:45.569+0000] {manager.py:878} INFO - 
================================================================================
DAG File Processing Stats

File Path                           PID    Runtime      # DAGs    # Errors  Last Runtime    Last Run
----------------------------------  -----  ---------  --------  ----------  --------------  -------------------
/opt/airflow/dags/etl_carburant.py                           1           0  0.48s           2025-07-28T13:25:19
================================================================================
[2025-07-28T13:26:16.320+0000] {manager.py:878} INFO - 
================================================================================
DAG File Processing Stats

File Path                           PID    Runtime      # DAGs    # Errors  Last Runtime    Last Run
----------------------------------  -----  ---------  --------  ----------  --------------  -------------------
/opt/airflow/dags/etl_carburant.py                           1           0  0.65s           2025-07-28T13:25:50
================================================================================
[2025-07-28T13:26:46.384+0000] {manager.py:878} INFO - 
================================================================================
DAG File Processing Stats

File Path                           PID    Runtime      # DAGs    # Errors  Last Runtime    Last Run
----------------------------------  -----  ---------  --------  ----------  --------------  -------------------
/opt/airflow/dags/etl_carburant.py                           1           0  0.82s           2025-07-28T13:26:21
================================================================================
[2025-07-28T13:27:16.859+0000] {manager.py:878} INFO - 
================================================================================
DAG File Processing Stats

File Path                           PID    Runtime      # DAGs    # Errors  Last Runtime    Last Run
----------------------------------  -----  ---------  --------  ----------  --------------  -------------------
/opt/airflow/dags/etl_carburant.py                           1           0  0.43s           2025-07-28T13:26:51
================================================================================
[2025-07-28T13:27:44.532+0000] {manager.py:737} INFO - Searching for files in /opt/airflow/dags
[2025-07-28T13:27:44.545+0000] {manager.py:740} INFO - There are 1 files in /opt/airflow/dags
[2025-07-28T13:27:47.168+0000] {manager.py:878} INFO - 
================================================================================
DAG File Processing Stats

File Path                           PID    Runtime      # DAGs    # Errors  Last Runtime    Last Run
----------------------------------  -----  ---------  --------  ----------  --------------  -------------------
/opt/airflow/dags/etl_carburant.py                           1           0  0.45s           2025-07-28T13:27:22
================================================================================
[2025-07-28T13:28:17.243+0000] {manager.py:878} INFO - 
================================================================================
DAG File Processing Stats

File Path                           PID    Runtime      # DAGs    # Errors  Last Runtime    Last Run
----------------------------------  -----  ---------  --------  ----------  --------------  -------------------
/opt/airflow/dags/etl_carburant.py                           1           0  0.44s           2025-07-28T13:27:53
================================================================================
[2025-07-28T13:28:35.602+0000] {manager.py:452} INFO - Exiting gracefully upon receiving signal 15
[2025-07-28T13:28:57.578+0000] {manager.py:470} INFO - Processing files using up to 2 processes at a time 
[2025-07-28T13:28:57.579+0000] {manager.py:471} INFO - Process each file at most once every 30 seconds
[2025-07-28T13:28:57.579+0000] {manager.py:472} INFO - Checking for new files in /opt/airflow/dags every 300 seconds
[2025-07-28T13:28:57.579+0000] {manager.py:737} INFO - Searching for files in /opt/airflow/dags
[2025-07-28T13:28:57.581+0000] {manager.py:740} INFO - There are 1 files in /opt/airflow/dags
[2025-07-28T13:28:57.654+0000] {manager.py:878} INFO - 
================================================================================
DAG File Processing Stats

File Path                             PID  Runtime      # DAGs    # Errors  Last Runtime    Last Run
----------------------------------  -----  ---------  --------  ----------  --------------  ----------
/opt/airflow/dags/etl_carburant.py    165  0.04s             0           0
================================================================================
[2025-07-28T13:29:27.846+0000] {manager.py:878} INFO - 
================================================================================
DAG File Processing Stats

File Path                           PID    Runtime      # DAGs    # Errors  Last Runtime    Last Run
----------------------------------  -----  ---------  --------  ----------  --------------  -------------------
/opt/airflow/dags/etl_carburant.py                           1           0  1.67s           2025-07-28T13:28:59
================================================================================
[2025-07-28T13:29:58.024+0000] {manager.py:878} INFO - 
================================================================================
DAG File Processing Stats

File Path                           PID    Runtime      # DAGs    # Errors  Last Runtime    Last Run
----------------------------------  -----  ---------  --------  ----------  --------------  -------------------
/opt/airflow/dags/etl_carburant.py                           1           0  0.50s           2025-07-28T13:29:29
================================================================================
[2025-07-28T13:30:28.307+0000] {manager.py:878} INFO - 
================================================================================
DAG File Processing Stats

File Path                           PID    Runtime      # DAGs    # Errors  Last Runtime    Last Run
----------------------------------  -----  ---------  --------  ----------  --------------  -------------------
/opt/airflow/dags/etl_carburant.py                           1           0  0.47s           2025-07-28T13:30:00
================================================================================
[2025-07-28T13:30:58.875+0000] {manager.py:878} INFO - 
================================================================================
DAG File Processing Stats

File Path                           PID    Runtime      # DAGs    # Errors  Last Runtime    Last Run
----------------------------------  -----  ---------  --------  ----------  --------------  -------------------
/opt/airflow/dags/etl_carburant.py                           1           0  0.38s           2025-07-28T13:30:31
================================================================================
[2025-07-28T13:31:28.888+0000] {manager.py:878} INFO - 
================================================================================
DAG File Processing Stats

File Path                           PID    Runtime      # DAGs    # Errors  Last Runtime    Last Run
----------------------------------  -----  ---------  --------  ----------  --------------  -------------------
/opt/airflow/dags/etl_carburant.py                           1           0  0.46s           2025-07-28T13:31:01
================================================================================
[2025-07-28T13:31:59.124+0000] {manager.py:878} INFO - 
================================================================================
DAG File Processing Stats

File Path                           PID    Runtime      # DAGs    # Errors  Last Runtime    Last Run
----------------------------------  -----  ---------  --------  ----------  --------------  -------------------
/opt/airflow/dags/etl_carburant.py                           1           0  0.39s           2025-07-28T13:31:32
================================================================================
[2025-07-28T13:32:26.443+0000] {manager.py:452} INFO - Exiting gracefully upon receiving signal 15
[2025-07-28T13:33:01.340+0000] {manager.py:470} INFO - Processing files using up to 2 processes at a time 
[2025-07-28T13:33:01.340+0000] {manager.py:471} INFO - Process each file at most once every 30 seconds
[2025-07-28T13:33:01.341+0000] {manager.py:472} INFO - Checking for new files in /opt/airflow/dags every 300 seconds
[2025-07-28T13:33:01.342+0000] {manager.py:737} INFO - Searching for files in /opt/airflow/dags
[2025-07-28T13:33:01.345+0000] {manager.py:740} INFO - There are 1 files in /opt/airflow/dags
[2025-07-28T13:33:01.429+0000] {manager.py:878} INFO - 
================================================================================
DAG File Processing Stats

File Path                             PID  Runtime      # DAGs    # Errors  Last Runtime    Last Run
----------------------------------  -----  ---------  --------  ----------  --------------  ----------
/opt/airflow/dags/etl_carburant.py    163  0.02s             0           0
================================================================================
[2025-07-28T13:33:31.585+0000] {manager.py:878} INFO - 
================================================================================
DAG File Processing Stats

File Path                           PID    Runtime      # DAGs    # Errors  Last Runtime    Last Run
----------------------------------  -----  ---------  --------  ----------  --------------  -------------------
/opt/airflow/dags/etl_carburant.py                           1           0  1.43s           2025-07-28T13:33:02
================================================================================
[2025-07-28T13:34:01.719+0000] {manager.py:878} INFO - 
================================================================================
DAG File Processing Stats

File Path                           PID    Runtime      # DAGs    # Errors  Last Runtime    Last Run
----------------------------------  -----  ---------  --------  ----------  --------------  -------------------
/opt/airflow/dags/etl_carburant.py                           1           0  0.50s           2025-07-28T13:33:33
================================================================================
[2025-07-28T13:34:31.948+0000] {manager.py:878} INFO - 
================================================================================
DAG File Processing Stats

File Path                           PID    Runtime      # DAGs    # Errors  Last Runtime    Last Run
----------------------------------  -----  ---------  --------  ----------  --------------  -------------------
/opt/airflow/dags/etl_carburant.py                           1           0  0.39s           2025-07-28T13:34:04
================================================================================
[2025-07-28T13:35:01.960+0000] {manager.py:878} INFO - 
================================================================================
DAG File Processing Stats

File Path                           PID    Runtime      # DAGs    # Errors  Last Runtime    Last Run
----------------------------------  -----  ---------  --------  ----------  --------------  -------------------
/opt/airflow/dags/etl_carburant.py                           1           0  0.43s           2025-07-28T13:34:34
================================================================================
[2025-07-28T13:35:32.207+0000] {manager.py:878} INFO - 
================================================================================
DAG File Processing Stats

File Path                           PID    Runtime      # DAGs    # Errors  Last Runtime    Last Run
----------------------------------  -----  ---------  --------  ----------  --------------  -------------------
/opt/airflow/dags/etl_carburant.py                           1           0  0.43s           2025-07-28T13:35:05
================================================================================
[2025-07-28T13:36:02.774+0000] {manager.py:878} INFO - 
================================================================================
DAG File Processing Stats

File Path                           PID    Runtime      # DAGs    # Errors  Last Runtime    Last Run
----------------------------------  -----  ---------  --------  ----------  --------------  -------------------
/opt/airflow/dags/etl_carburant.py                           1           0  0.43s           2025-07-28T13:35:36
================================================================================
[2025-07-28T13:36:32.832+0000] {manager.py:878} INFO - 
================================================================================
DAG File Processing Stats

File Path                           PID    Runtime      # DAGs    # Errors  Last Runtime    Last Run
----------------------------------  -----  ---------  --------  ----------  --------------  -------------------
/opt/airflow/dags/etl_carburant.py                           1           0  0.43s           2025-07-28T13:36:06
================================================================================
[2025-07-28T13:37:03.018+0000] {manager.py:878} INFO - 
================================================================================
DAG File Processing Stats

File Path                           PID    Runtime      # DAGs    # Errors  Last Runtime    Last Run
----------------------------------  -----  ---------  --------  ----------  --------------  -------------------
/opt/airflow/dags/etl_carburant.py                           1           0  0.99s           2025-07-28T13:36:37
================================================================================
[2025-07-28T13:37:33.226+0000] {manager.py:878} INFO - 
================================================================================
DAG File Processing Stats

File Path                           PID    Runtime      # DAGs    # Errors  Last Runtime    Last Run
----------------------------------  -----  ---------  --------  ----------  --------------  -------------------
/opt/airflow/dags/etl_carburant.py                           1           0  0.29s           2025-07-28T13:37:08
================================================================================
[2025-07-28T13:38:01.661+0000] {manager.py:737} INFO - Searching for files in /opt/airflow/dags
[2025-07-28T13:38:01.671+0000] {manager.py:740} INFO - There are 1 files in /opt/airflow/dags
[2025-07-28T13:38:03.700+0000] {manager.py:878} INFO - 
================================================================================
DAG File Processing Stats

File Path                           PID    Runtime      # DAGs    # Errors  Last Runtime    Last Run
----------------------------------  -----  ---------  --------  ----------  --------------  -------------------
/opt/airflow/dags/etl_carburant.py                           1           0  0.49s           2025-07-28T13:37:39
================================================================================
[2025-07-28T13:38:33.812+0000] {manager.py:878} INFO - 
================================================================================
DAG File Processing Stats

File Path                           PID    Runtime      # DAGs    # Errors  Last Runtime    Last Run
----------------------------------  -----  ---------  --------  ----------  --------------  -------------------
/opt/airflow/dags/etl_carburant.py                           1           0  0.42s           2025-07-28T13:38:09
================================================================================
[2025-07-28T13:39:04.026+0000] {manager.py:878} INFO - 
================================================================================
DAG File Processing Stats

File Path                           PID    Runtime      # DAGs    # Errors  Last Runtime    Last Run
----------------------------------  -----  ---------  --------  ----------  --------------  -------------------
/opt/airflow/dags/etl_carburant.py                           1           0  0.43s           2025-07-28T13:38:40
================================================================================
[2025-07-28T13:39:34.669+0000] {manager.py:878} INFO - 
================================================================================
DAG File Processing Stats

File Path                           PID    Runtime      # DAGs    # Errors  Last Runtime    Last Run
----------------------------------  -----  ---------  --------  ----------  --------------  -------------------
/opt/airflow/dags/etl_carburant.py                           1           0  0.38s           2025-07-28T13:39:10
================================================================================
[2025-07-28T13:40:04.863+0000] {manager.py:878} INFO - 
================================================================================
DAG File Processing Stats

File Path                           PID    Runtime      # DAGs    # Errors  Last Runtime    Last Run
----------------------------------  -----  ---------  --------  ----------  --------------  -------------------
/opt/airflow/dags/etl_carburant.py                           1           0  0.66s           2025-07-28T13:39:41
================================================================================
[2025-07-28T13:40:35.064+0000] {manager.py:878} INFO - 
================================================================================
DAG File Processing Stats

File Path                           PID    Runtime      # DAGs    # Errors  Last Runtime    Last Run
----------------------------------  -----  ---------  --------  ----------  --------------  -------------------
/opt/airflow/dags/etl_carburant.py                           1           0  0.38s           2025-07-28T13:40:12
================================================================================
[2025-07-28T13:40:39.037+0000] {manager.py:452} INFO - Exiting gracefully upon receiving signal 15
