[2025-07-28T13:00:53.139+0000] {local_task_job_runner.py:120} INFO - ::group::Pre task execution logs
[2025-07-28T13:00:53.155+0000] {taskinstance.py:2076} INFO - Dependencies all met for dep_context=non-requeueable deps ti=<TaskInstance: carburant_etl_dag.extract_data manual__2025-07-28T13:00:52.188198+00:00 [queued]>
[2025-07-28T13:00:53.159+0000] {taskinstance.py:2076} INFO - Dependencies all met for dep_context=requeueable deps ti=<TaskInstance: carburant_etl_dag.extract_data manual__2025-07-28T13:00:52.188198+00:00 [queued]>
[2025-07-28T13:00:53.159+0000] {taskinstance.py:2306} INFO - Starting attempt 1 of 2
[2025-07-28T13:00:53.165+0000] {taskinstance.py:2330} INFO - Executing <Task(PythonOperator): extract_data> on 2025-07-28 13:00:52.188198+00:00
[2025-07-28T13:00:53.170+0000] {logging_mixin.py:188} WARNING - /home/***/.local/lib/python3.12/site-packages/***/task/task_runner/standard_task_runner.py:61 DeprecationWarning: This process (pid=188) is multi-threaded, use of fork() may lead to deadlocks in the child.
[2025-07-28T13:00:53.171+0000] {standard_task_runner.py:63} INFO - Started process 190 to run task
[2025-07-28T13:00:53.171+0000] {standard_task_runner.py:90} INFO - Running: ['***', 'tasks', 'run', 'carburant_etl_dag', 'extract_data', 'manual__2025-07-28T13:00:52.188198+00:00', '--job-id', '4', '--raw', '--subdir', 'DAGS_FOLDER/etl_carburant.py', '--cfg-path', '/tmp/tmp6x6s5n58']
[2025-07-28T13:00:53.172+0000] {standard_task_runner.py:91} INFO - Job 4: Subtask extract_data
[2025-07-28T13:00:53.181+0000] {logging_mixin.py:188} WARNING - /home/***/.local/lib/python3.12/site-packages/***/settings.py:195 DeprecationWarning: The sql_alchemy_conn option in [core] has been moved to the sql_alchemy_conn option in [database] - the old setting has been used, but please update your config.
[2025-07-28T13:00:53.201+0000] {task_command.py:426} INFO - Running <TaskInstance: carburant_etl_dag.extract_data manual__2025-07-28T13:00:52.188198+00:00 [running]> on host 90fdb4201ee5
[2025-07-28T13:00:53.244+0000] {taskinstance.py:2648} INFO - Exporting env vars: AIRFLOW_CTX_DAG_OWNER='***' AIRFLOW_CTX_DAG_ID='carburant_etl_dag' AIRFLOW_CTX_TASK_ID='extract_data' AIRFLOW_CTX_EXECUTION_DATE='2025-07-28T13:00:52.188198+00:00' AIRFLOW_CTX_TRY_NUMBER='1' AIRFLOW_CTX_DAG_RUN_ID='manual__2025-07-28T13:00:52.188198+00:00'
[2025-07-28T13:00:53.245+0000] {taskinstance.py:430} INFO - ::endgroup::
[2025-07-28T13:00:53.521+0000] {logging_mixin.py:188} INFO - ✅ XML téléchargé dans /opt/***/data/raw.xml
[2025-07-28T13:00:53.522+0000] {python.py:237} INFO - Done. Returned value was: None
[2025-07-28T13:00:53.523+0000] {taskinstance.py:441} INFO - ::group::Post task execution logs
[2025-07-28T13:00:53.531+0000] {taskinstance.py:1206} INFO - Marking task as SUCCESS. dag_id=carburant_etl_dag, task_id=extract_data, run_id=manual__2025-07-28T13:00:52.188198+00:00, execution_date=20250728T130052, start_date=20250728T130053, end_date=20250728T130053
[2025-07-28T13:00:53.565+0000] {local_task_job_runner.py:240} INFO - Task exited with return code 0
[2025-07-28T13:00:53.583+0000] {taskinstance.py:3498} INFO - 1 downstream tasks scheduled from follow-on schedule check
[2025-07-28T13:00:53.584+0000] {local_task_job_runner.py:222} INFO - ::endgroup::
