[2025-07-30T19:30:02.142+0000] {local_task_job_runner.py:120} INFO - ::group::Pre task execution logs
[2025-07-30T19:30:02.157+0000] {taskinstance.py:2076} INFO - Dependencies all met for dep_context=non-requeueable deps ti=<TaskInstance: carburant_etl_dag.transform_data scheduled__2025-07-30T19:20:00+00:00 [queued]>
[2025-07-30T19:30:02.160+0000] {taskinstance.py:2076} INFO - Dependencies all met for dep_context=requeueable deps ti=<TaskInstance: carburant_etl_dag.transform_data scheduled__2025-07-30T19:20:00+00:00 [queued]>
[2025-07-30T19:30:02.160+0000] {taskinstance.py:2306} INFO - Starting attempt 1 of 2
[2025-07-30T19:30:02.165+0000] {taskinstance.py:2330} INFO - Executing <Task(PythonOperator): transform_data> on 2025-07-30 19:20:00+00:00
[2025-07-30T19:30:02.169+0000] {logging_mixin.py:188} WARNING - /home/***/.local/lib/python3.12/site-packages/***/task/task_runner/standard_task_runner.py:61 DeprecationWarning: This process (pid=212) is multi-threaded, use of fork() may lead to deadlocks in the child.
[2025-07-30T19:30:02.169+0000] {standard_task_runner.py:63} INFO - Started process 214 to run task
[2025-07-30T19:30:02.169+0000] {standard_task_runner.py:90} INFO - Running: ['***', 'tasks', 'run', 'carburant_etl_dag', 'transform_data', 'scheduled__2025-07-30T19:20:00+00:00', '--job-id', '6', '--raw', '--subdir', 'DAGS_FOLDER/etl_carburant.py', '--cfg-path', '/tmp/tmpmaabi86q']
[2025-07-30T19:30:02.170+0000] {standard_task_runner.py:91} INFO - Job 6: Subtask transform_data
[2025-07-30T19:30:02.178+0000] {logging_mixin.py:188} WARNING - /home/***/.local/lib/python3.12/site-packages/***/settings.py:195 DeprecationWarning: The sql_alchemy_conn option in [core] has been moved to the sql_alchemy_conn option in [database] - the old setting has been used, but please update your config.
[2025-07-30T19:30:02.196+0000] {task_command.py:426} INFO - Running <TaskInstance: carburant_etl_dag.transform_data scheduled__2025-07-30T19:20:00+00:00 [running]> on host bbc5b85bb750
[2025-07-30T19:30:02.238+0000] {taskinstance.py:2648} INFO - Exporting env vars: AIRFLOW_CTX_DAG_OWNER='***' AIRFLOW_CTX_DAG_ID='carburant_etl_dag' AIRFLOW_CTX_TASK_ID='transform_data' AIRFLOW_CTX_EXECUTION_DATE='2025-07-30T19:20:00+00:00' AIRFLOW_CTX_TRY_NUMBER='1' AIRFLOW_CTX_DAG_RUN_ID='scheduled__2025-07-30T19:20:00+00:00'
[2025-07-30T19:30:02.238+0000] {taskinstance.py:430} INFO - ::endgroup::
[2025-07-30T19:30:02.796+0000] {logging_mixin.py:188} INFO - ✅ Données transformées sauvegardées dans /opt/***/data/clean.csv
[2025-07-30T19:30:02.830+0000] {python.py:237} INFO - Done. Returned value was: None
[2025-07-30T19:30:02.830+0000] {taskinstance.py:441} INFO - ::group::Post task execution logs
[2025-07-30T19:30:02.838+0000] {taskinstance.py:1206} INFO - Marking task as SUCCESS. dag_id=carburant_etl_dag, task_id=transform_data, run_id=scheduled__2025-07-30T19:20:00+00:00, execution_date=20250730T192000, start_date=20250730T193002, end_date=20250730T193002
[2025-07-30T19:30:02.875+0000] {local_task_job_runner.py:240} INFO - Task exited with return code 0
[2025-07-30T19:30:02.891+0000] {taskinstance.py:3498} INFO - 1 downstream tasks scheduled from follow-on schedule check
[2025-07-30T19:30:02.892+0000] {local_task_job_runner.py:222} INFO - ::endgroup::
