[2025-07-30T19:30:03.213+0000] {local_task_job_runner.py:120} INFO - ::group::Pre task execution logs
[2025-07-30T19:30:03.230+0000] {taskinstance.py:2076} INFO - Dependencies all met for dep_context=non-requeueable deps ti=<TaskInstance: carburant_etl_dag.load_data scheduled__2025-07-30T19:20:00+00:00 [queued]>
[2025-07-30T19:30:03.234+0000] {taskinstance.py:2076} INFO - Dependencies all met for dep_context=requeueable deps ti=<TaskInstance: carburant_etl_dag.load_data scheduled__2025-07-30T19:20:00+00:00 [queued]>
[2025-07-30T19:30:03.234+0000] {taskinstance.py:2306} INFO - Starting attempt 1 of 2
[2025-07-30T19:30:03.240+0000] {taskinstance.py:2330} INFO - Executing <Task(PythonOperator): load_data> on 2025-07-30 19:20:00+00:00
[2025-07-30T19:30:03.244+0000] {logging_mixin.py:188} WARNING - /home/***/.local/lib/python3.12/site-packages/***/task/task_runner/standard_task_runner.py:61 DeprecationWarning: This process (pid=215) is multi-threaded, use of fork() may lead to deadlocks in the child.
[2025-07-30T19:30:03.245+0000] {standard_task_runner.py:63} INFO - Started process 217 to run task
[2025-07-30T19:30:03.245+0000] {standard_task_runner.py:90} INFO - Running: ['***', 'tasks', 'run', 'carburant_etl_dag', 'load_data', 'scheduled__2025-07-30T19:20:00+00:00', '--job-id', '7', '--raw', '--subdir', 'DAGS_FOLDER/etl_carburant.py', '--cfg-path', '/tmp/tmpqbd49fq7']
[2025-07-30T19:30:03.246+0000] {standard_task_runner.py:91} INFO - Job 7: Subtask load_data
[2025-07-30T19:30:03.255+0000] {logging_mixin.py:188} WARNING - /home/***/.local/lib/python3.12/site-packages/***/settings.py:195 DeprecationWarning: The sql_alchemy_conn option in [core] has been moved to the sql_alchemy_conn option in [database] - the old setting has been used, but please update your config.
[2025-07-30T19:30:03.275+0000] {task_command.py:426} INFO - Running <TaskInstance: carburant_etl_dag.load_data scheduled__2025-07-30T19:20:00+00:00 [running]> on host bbc5b85bb750
[2025-07-30T19:30:03.454+0000] {taskinstance.py:2648} INFO - Exporting env vars: AIRFLOW_CTX_DAG_OWNER='***' AIRFLOW_CTX_DAG_ID='carburant_etl_dag' AIRFLOW_CTX_TASK_ID='load_data' AIRFLOW_CTX_EXECUTION_DATE='2025-07-30T19:20:00+00:00' AIRFLOW_CTX_TRY_NUMBER='1' AIRFLOW_CTX_DAG_RUN_ID='scheduled__2025-07-30T19:20:00+00:00'
[2025-07-30T19:30:03.454+0000] {taskinstance.py:430} INFO - ::endgroup::
[2025-07-30T19:30:07.503+0000] {logging_mixin.py:188} INFO - ✅ Données chargées dans PostgreSQL
[2025-07-30T19:30:07.505+0000] {python.py:237} INFO - Done. Returned value was: None
[2025-07-30T19:30:07.505+0000] {taskinstance.py:441} INFO - ::group::Post task execution logs
[2025-07-30T19:30:07.511+0000] {taskinstance.py:1206} INFO - Marking task as SUCCESS. dag_id=carburant_etl_dag, task_id=load_data, run_id=scheduled__2025-07-30T19:20:00+00:00, execution_date=20250730T192000, start_date=20250730T193003, end_date=20250730T193007
[2025-07-30T19:30:07.563+0000] {local_task_job_runner.py:240} INFO - Task exited with return code 0
[2025-07-30T19:30:07.574+0000] {taskinstance.py:3498} INFO - 0 downstream tasks scheduled from follow-on schedule check
[2025-07-30T19:30:07.575+0000] {local_task_job_runner.py:222} INFO - ::endgroup::
