[2025-07-30T19:27:41.947+0000] {local_task_job_runner.py:120} INFO - ::group::Pre task execution logs
[2025-07-30T19:27:41.962+0000] {taskinstance.py:2076} INFO - Dependencies all met for dep_context=non-requeueable deps ti=<TaskInstance: carburant_etl_dag.load_data scheduled__2025-07-30T19:10:00+00:00 [queued]>
[2025-07-30T19:27:41.966+0000] {taskinstance.py:2076} INFO - Dependencies all met for dep_context=requeueable deps ti=<TaskInstance: carburant_etl_dag.load_data scheduled__2025-07-30T19:10:00+00:00 [queued]>
[2025-07-30T19:27:41.966+0000] {taskinstance.py:2306} INFO - Starting attempt 1 of 2
[2025-07-30T19:27:41.971+0000] {taskinstance.py:2330} INFO - Executing <Task(PythonOperator): load_data> on 2025-07-30 19:10:00+00:00
[2025-07-30T19:27:41.975+0000] {logging_mixin.py:188} WARNING - /home/***/.local/lib/python3.12/site-packages/***/task/task_runner/standard_task_runner.py:61 DeprecationWarning: This process (pid=182) is multi-threaded, use of fork() may lead to deadlocks in the child.
[2025-07-30T19:27:41.976+0000] {standard_task_runner.py:63} INFO - Started process 184 to run task
[2025-07-30T19:27:41.975+0000] {standard_task_runner.py:90} INFO - Running: ['***', 'tasks', 'run', 'carburant_etl_dag', 'load_data', 'scheduled__2025-07-30T19:10:00+00:00', '--job-id', '4', '--raw', '--subdir', 'DAGS_FOLDER/etl_carburant.py', '--cfg-path', '/tmp/tmpgd13zabq']
[2025-07-30T19:27:41.977+0000] {standard_task_runner.py:91} INFO - Job 4: Subtask load_data
[2025-07-30T19:27:41.985+0000] {logging_mixin.py:188} WARNING - /home/***/.local/lib/python3.12/site-packages/***/settings.py:195 DeprecationWarning: The sql_alchemy_conn option in [core] has been moved to the sql_alchemy_conn option in [database] - the old setting has been used, but please update your config.
[2025-07-30T19:27:42.004+0000] {task_command.py:426} INFO - Running <TaskInstance: carburant_etl_dag.load_data scheduled__2025-07-30T19:10:00+00:00 [running]> on host bbc5b85bb750
[2025-07-30T19:27:42.044+0000] {taskinstance.py:2648} INFO - Exporting env vars: AIRFLOW_CTX_DAG_OWNER='***' AIRFLOW_CTX_DAG_ID='carburant_etl_dag' AIRFLOW_CTX_TASK_ID='load_data' AIRFLOW_CTX_EXECUTION_DATE='2025-07-30T19:10:00+00:00' AIRFLOW_CTX_TRY_NUMBER='1' AIRFLOW_CTX_DAG_RUN_ID='scheduled__2025-07-30T19:10:00+00:00'
[2025-07-30T19:27:42.045+0000] {taskinstance.py:430} INFO - ::endgroup::
[2025-07-30T19:27:46.575+0000] {logging_mixin.py:188} INFO - ✅ Données chargées dans PostgreSQL
[2025-07-30T19:27:46.577+0000] {python.py:237} INFO - Done. Returned value was: None
[2025-07-30T19:27:46.578+0000] {taskinstance.py:441} INFO - ::group::Post task execution logs
[2025-07-30T19:27:46.584+0000] {taskinstance.py:1206} INFO - Marking task as SUCCESS. dag_id=carburant_etl_dag, task_id=load_data, run_id=scheduled__2025-07-30T19:10:00+00:00, execution_date=20250730T191000, start_date=20250730T192741, end_date=20250730T192746
[2025-07-30T19:27:46.627+0000] {local_task_job_runner.py:240} INFO - Task exited with return code 0
[2025-07-30T19:27:46.638+0000] {taskinstance.py:3498} INFO - 0 downstream tasks scheduled from follow-on schedule check
[2025-07-30T19:27:46.639+0000] {local_task_job_runner.py:222} INFO - ::endgroup::
