[2025-07-30T19:30:00.693+0000] {local_task_job_runner.py:120} INFO - ::group::Pre task execution logs
[2025-07-30T19:30:00.709+0000] {taskinstance.py:2076} INFO - Dependencies all met for dep_context=non-requeueable deps ti=<TaskInstance: carburant_etl_dag.extract_data scheduled__2025-07-30T19:20:00+00:00 [queued]>
[2025-07-30T19:30:00.712+0000] {taskinstance.py:2076} INFO - Dependencies all met for dep_context=requeueable deps ti=<TaskInstance: carburant_etl_dag.extract_data scheduled__2025-07-30T19:20:00+00:00 [queued]>
[2025-07-30T19:30:00.712+0000] {taskinstance.py:2306} INFO - Starting attempt 1 of 2
[2025-07-30T19:30:00.717+0000] {taskinstance.py:2330} INFO - Executing <Task(PythonOperator): extract_data> on 2025-07-30 19:20:00+00:00
[2025-07-30T19:30:00.722+0000] {logging_mixin.py:188} WARNING - /home/***/.local/lib/python3.12/site-packages/***/task/task_runner/standard_task_runner.py:61 DeprecationWarning: This process (pid=209) is multi-threaded, use of fork() may lead to deadlocks in the child.
[2025-07-30T19:30:00.722+0000] {standard_task_runner.py:90} INFO - Running: ['***', 'tasks', 'run', 'carburant_etl_dag', 'extract_data', 'scheduled__2025-07-30T19:20:00+00:00', '--job-id', '5', '--raw', '--subdir', 'DAGS_FOLDER/etl_carburant.py', '--cfg-path', '/tmp/tmp2c_9ib87']
[2025-07-30T19:30:00.723+0000] {standard_task_runner.py:91} INFO - Job 5: Subtask extract_data
[2025-07-30T19:30:00.723+0000] {standard_task_runner.py:63} INFO - Started process 211 to run task
[2025-07-30T19:30:00.733+0000] {logging_mixin.py:188} WARNING - /home/***/.local/lib/python3.12/site-packages/***/settings.py:195 DeprecationWarning: The sql_alchemy_conn option in [core] has been moved to the sql_alchemy_conn option in [database] - the old setting has been used, but please update your config.
[2025-07-30T19:30:00.752+0000] {task_command.py:426} INFO - Running <TaskInstance: carburant_etl_dag.extract_data scheduled__2025-07-30T19:20:00+00:00 [running]> on host bbc5b85bb750
[2025-07-30T19:30:00.799+0000] {taskinstance.py:2648} INFO - Exporting env vars: AIRFLOW_CTX_DAG_OWNER='***' AIRFLOW_CTX_DAG_ID='carburant_etl_dag' AIRFLOW_CTX_TASK_ID='extract_data' AIRFLOW_CTX_EXECUTION_DATE='2025-07-30T19:20:00+00:00' AIRFLOW_CTX_TRY_NUMBER='1' AIRFLOW_CTX_DAG_RUN_ID='scheduled__2025-07-30T19:20:00+00:00'
[2025-07-30T19:30:00.800+0000] {taskinstance.py:430} INFO - ::endgroup::
[2025-07-30T19:30:01.161+0000] {logging_mixin.py:188} INFO - ✅ Fichier XML extrait dans {DATA_DIR}
[2025-07-30T19:30:01.162+0000] {python.py:237} INFO - Done. Returned value was: None
[2025-07-30T19:30:01.163+0000] {taskinstance.py:441} INFO - ::group::Post task execution logs
[2025-07-30T19:30:01.170+0000] {taskinstance.py:1206} INFO - Marking task as SUCCESS. dag_id=carburant_etl_dag, task_id=extract_data, run_id=scheduled__2025-07-30T19:20:00+00:00, execution_date=20250730T192000, start_date=20250730T193000, end_date=20250730T193001
[2025-07-30T19:30:01.197+0000] {local_task_job_runner.py:240} INFO - Task exited with return code 0
[2025-07-30T19:30:01.212+0000] {taskinstance.py:3498} INFO - 1 downstream tasks scheduled from follow-on schedule check
[2025-07-30T19:30:01.213+0000] {local_task_job_runner.py:222} INFO - ::endgroup::
