[2025-07-28T13:36:56.779+0000] {local_task_job_runner.py:120} INFO - ::group::Pre task execution logs
[2025-07-28T13:36:56.796+0000] {taskinstance.py:2076} INFO - Dependencies all met for dep_context=non-requeueable deps ti=<TaskInstance: carburant_etl_dag.extract_data scheduled__2025-07-28T13:20:00+00:00 [queued]>
[2025-07-28T13:36:56.800+0000] {taskinstance.py:2076} INFO - Dependencies all met for dep_context=requeueable deps ti=<TaskInstance: carburant_etl_dag.extract_data scheduled__2025-07-28T13:20:00+00:00 [queued]>
[2025-07-28T13:36:56.800+0000] {taskinstance.py:2306} INFO - Starting attempt 1 of 2
[2025-07-28T13:36:56.806+0000] {taskinstance.py:2330} INFO - Executing <Task(PythonOperator): extract_data> on 2025-07-28 13:20:00+00:00
[2025-07-28T13:36:56.811+0000] {logging_mixin.py:188} WARNING - /home/***/.local/lib/python3.12/site-packages/***/task/task_runner/standard_task_runner.py:61 DeprecationWarning: This process (pid=211) is multi-threaded, use of fork() may lead to deadlocks in the child.
[2025-07-28T13:36:56.812+0000] {standard_task_runner.py:63} INFO - Started process 213 to run task
[2025-07-28T13:36:56.811+0000] {standard_task_runner.py:90} INFO - Running: ['***', 'tasks', 'run', 'carburant_etl_dag', 'extract_data', 'scheduled__2025-07-28T13:20:00+00:00', '--job-id', '2', '--raw', '--subdir', 'DAGS_FOLDER/etl_carburant.py', '--cfg-path', '/tmp/tmpuvhzzobu']
[2025-07-28T13:36:56.813+0000] {standard_task_runner.py:91} INFO - Job 2: Subtask extract_data
[2025-07-28T13:36:56.822+0000] {logging_mixin.py:188} WARNING - /home/***/.local/lib/python3.12/site-packages/***/settings.py:195 DeprecationWarning: The sql_alchemy_conn option in [core] has been moved to the sql_alchemy_conn option in [database] - the old setting has been used, but please update your config.
[2025-07-28T13:36:56.845+0000] {task_command.py:426} INFO - Running <TaskInstance: carburant_etl_dag.extract_data scheduled__2025-07-28T13:20:00+00:00 [running]> on host ee8ac1a15858
[2025-07-28T13:36:56.910+0000] {taskinstance.py:2648} INFO - Exporting env vars: AIRFLOW_CTX_DAG_OWNER='***' AIRFLOW_CTX_DAG_ID='carburant_etl_dag' AIRFLOW_CTX_TASK_ID='extract_data' AIRFLOW_CTX_EXECUTION_DATE='2025-07-28T13:20:00+00:00' AIRFLOW_CTX_TRY_NUMBER='1' AIRFLOW_CTX_DAG_RUN_ID='scheduled__2025-07-28T13:20:00+00:00'
[2025-07-28T13:36:56.911+0000] {taskinstance.py:430} INFO - ::endgroup::
[2025-07-28T13:36:57.547+0000] {logging_mixin.py:188} INFO - ✅ Fichier XML extrait dans /opt/***/data/
[2025-07-28T13:36:57.548+0000] {python.py:237} INFO - Done. Returned value was: None
[2025-07-28T13:36:57.548+0000] {taskinstance.py:441} INFO - ::group::Post task execution logs
[2025-07-28T13:36:57.556+0000] {taskinstance.py:1206} INFO - Marking task as SUCCESS. dag_id=carburant_etl_dag, task_id=extract_data, run_id=scheduled__2025-07-28T13:20:00+00:00, execution_date=20250728T132000, start_date=20250728T133656, end_date=20250728T133657
[2025-07-28T13:36:57.573+0000] {local_task_job_runner.py:240} INFO - Task exited with return code 0
[2025-07-28T13:36:57.587+0000] {taskinstance.py:3498} INFO - 1 downstream tasks scheduled from follow-on schedule check
[2025-07-28T13:36:57.588+0000] {local_task_job_runner.py:222} INFO - ::endgroup::
