[2025-07-30T18:53:04.667+0000] {local_task_job_runner.py:120} INFO - ::group::Pre task execution logs
[2025-07-30T18:53:04.685+0000] {taskinstance.py:2076} INFO - Dependencies all met for dep_context=non-requeueable deps ti=<TaskInstance: carburant_etl_dag.load_data scheduled__2025-07-30T18:40:00+00:00 [queued]>
[2025-07-30T18:53:04.689+0000] {taskinstance.py:2076} INFO - Dependencies all met for dep_context=requeueable deps ti=<TaskInstance: carburant_etl_dag.load_data scheduled__2025-07-30T18:40:00+00:00 [queued]>
[2025-07-30T18:53:04.690+0000] {taskinstance.py:2306} INFO - Starting attempt 1 of 2
[2025-07-30T18:53:04.696+0000] {taskinstance.py:2330} INFO - Executing <Task(PythonOperator): load_data> on 2025-07-30 18:40:00+00:00
[2025-07-30T18:53:04.699+0000] {logging_mixin.py:188} WARNING - /home/***/.local/lib/python3.12/site-packages/***/task/task_runner/standard_task_runner.py:61 DeprecationWarning: This process (pid=188) is multi-threaded, use of fork() may lead to deadlocks in the child.
[2025-07-30T18:53:04.700+0000] {standard_task_runner.py:63} INFO - Started process 190 to run task
[2025-07-30T18:53:04.700+0000] {standard_task_runner.py:90} INFO - Running: ['***', 'tasks', 'run', 'carburant_etl_dag', 'load_data', 'scheduled__2025-07-30T18:40:00+00:00', '--job-id', '4', '--raw', '--subdir', 'DAGS_FOLDER/etl_carburant.py', '--cfg-path', '/tmp/tmp67m_6qo3']
[2025-07-30T18:53:04.701+0000] {standard_task_runner.py:91} INFO - Job 4: Subtask load_data
[2025-07-30T18:53:04.709+0000] {logging_mixin.py:188} WARNING - /home/***/.local/lib/python3.12/site-packages/***/settings.py:195 DeprecationWarning: The sql_alchemy_conn option in [core] has been moved to the sql_alchemy_conn option in [database] - the old setting has been used, but please update your config.
[2025-07-30T18:53:04.727+0000] {task_command.py:426} INFO - Running <TaskInstance: carburant_etl_dag.load_data scheduled__2025-07-30T18:40:00+00:00 [running]> on host 2c9950906763
[2025-07-30T18:53:04.774+0000] {taskinstance.py:2648} INFO - Exporting env vars: AIRFLOW_CTX_DAG_OWNER='***' AIRFLOW_CTX_DAG_ID='carburant_etl_dag' AIRFLOW_CTX_TASK_ID='load_data' AIRFLOW_CTX_EXECUTION_DATE='2025-07-30T18:40:00+00:00' AIRFLOW_CTX_TRY_NUMBER='1' AIRFLOW_CTX_DAG_RUN_ID='scheduled__2025-07-30T18:40:00+00:00'
[2025-07-30T18:53:04.775+0000] {taskinstance.py:430} INFO - ::endgroup::
[2025-07-30T18:53:08.924+0000] {logging_mixin.py:188} INFO - ✅ Données chargées dans PostgreSQL
[2025-07-30T18:53:08.927+0000] {python.py:237} INFO - Done. Returned value was: None
[2025-07-30T18:53:08.927+0000] {taskinstance.py:441} INFO - ::group::Post task execution logs
[2025-07-30T18:53:08.933+0000] {taskinstance.py:1206} INFO - Marking task as SUCCESS. dag_id=carburant_etl_dag, task_id=load_data, run_id=scheduled__2025-07-30T18:40:00+00:00, execution_date=20250730T184000, start_date=20250730T185304, end_date=20250730T185308
[2025-07-30T18:53:08.965+0000] {local_task_job_runner.py:240} INFO - Task exited with return code 0
[2025-07-30T18:53:08.975+0000] {taskinstance.py:3498} INFO - 0 downstream tasks scheduled from follow-on schedule check
[2025-07-30T18:53:08.976+0000] {local_task_job_runner.py:222} INFO - ::endgroup::
